2025-10-03 21:29:00 | DEBUG | repo=AaveLending | action=commit
2025-11-25 12:59:00 | INFO | repo=AaveLending | action=commit
2025-01-22 16:53:00 | DEBUG | repo=AaveLending | action=commit
2025-12-26 15:16:00 | DEBUG | repo=AaveLending | action=pull
2025-07-18 18:12:00 | INFO | repo=AaveLending | action=test | passed=true
2025-05-13 10:12:00 | WARN | repo=AaveLending | action=edit | files=5
2025-01-25 14:31:00 | WARN | repo=AaveLending | action=pull
2025-12-02 20:36:00 | INFO | repo=AaveLending | action=edit | files=1
2025-08-09 20:28:00 | INFO | repo=AaveLending | action=commit
2025-05-08 15:23:00 | INFO | repo=AaveLending | action=commit
2025-04-03 09:42:00 | DEBUG | repo=AaveLending | action=commit
2025-05-22 08:12:00 | INFO | repo=AaveLending | action=commit
2025-08-08 12:50:00 | DEBUG | repo=AaveLending | action=commit
2025-05-20 14:44:00 | DEBUG | repo=AaveLending | action=commit
2025-07-08 19:43:00 | DEBUG | repo=AaveLending | action=test | passed=true
2025-07-17 07:58:00 | WARN | repo=AaveLending | action=pull
2025-04-28 20:15:00 | DEBUG | repo=AaveLending | action=commit
2025-07-25T09:14:00 | nonce=17492137877625383447
2025-09-08T16:55:00 | nonce=7882186929577546053
2025-09-06T10:01:00 | nonce=2430892704920559531
